2023-06-07T01:05:21.578Z [LOCAL][CustomerEventService] error: Failed to create invoice.payment_succeeded event for customer: cus_O2FIMQnMjgRwGk - ValidationError: CustomerEvent validation failed: stripeEventId: Path `stripeEventId` is required.
    at model.Document.invalidate (/Users/ianspence/Desktop/codebase/monorepo/node_modules/mongoose/lib/document.js:3147:32)
    at /Users/ianspence/Desktop/codebase/monorepo/node_modules/mongoose/lib/document.js:2940:17
    at /Users/ianspence/Desktop/codebase/monorepo/node_modules/mongoose/lib/schematype.js:1352:9
    at processTicksAndRejections (node:internal/process/task_queues:77:11)
2023-06-07T04:29:05.792Z [LOCAL][CustomerEventService] error: Failed to create customer.subscription.created event for customer: cus_O2IaDXURyQELU2 - ValidationError: CustomerEvent validation failed: stripeEventId: Path `stripeEventId` is required.
    at model.Document.invalidate (/Users/ianspence/Desktop/codebase/monorepo/node_modules/mongoose/lib/document.js:3147:32)
    at /Users/ianspence/Desktop/codebase/monorepo/node_modules/mongoose/lib/document.js:2940:17
    at /Users/ianspence/Desktop/codebase/monorepo/node_modules/mongoose/lib/schematype.js:1352:9
    at processTicksAndRejections (node:internal/process/task_queues:77:11)
2023-06-07T04:29:06.023Z [LOCAL][CustomerEventService] error: Failed to create invoice.payment_succeeded event for customer: cus_O2IaDXURyQELU2 - ValidationError: CustomerEvent validation failed: stripeEventId: Path `stripeEventId` is required.
    at model.Document.invalidate (/Users/ianspence/Desktop/codebase/monorepo/node_modules/mongoose/lib/document.js:3147:32)
    at /Users/ianspence/Desktop/codebase/monorepo/node_modules/mongoose/lib/document.js:2940:17
    at /Users/ianspence/Desktop/codebase/monorepo/node_modules/mongoose/lib/schematype.js:1352:9
    at processTicksAndRejections (node:internal/process/task_queues:77:11)
2023-06-07T04:29:06.094Z [LOCAL][CustomerEventService] error: Failed to create customer.subscription.updated event for customer: cus_O2IaDXURyQELU2 - ValidationError: CustomerEvent validation failed: stripeEventId: Path `stripeEventId` is required.
    at model.Document.invalidate (/Users/ianspence/Desktop/codebase/monorepo/node_modules/mongoose/lib/document.js:3147:32)
    at /Users/ianspence/Desktop/codebase/monorepo/node_modules/mongoose/lib/document.js:2940:17
    at /Users/ianspence/Desktop/codebase/monorepo/node_modules/mongoose/lib/schematype.js:1352:9
    at processTicksAndRejections (node:internal/process/task_queues:77:11)
2023-06-07T04:36:01.375Z [LOCAL][CustomerService] error: Customer not found for stripeCustomerId: cus_O2IhAbhAJ12aLt
2023-06-07T05:12:42.054Z [LOCAL][CustomerService] error: Customer not found for stripeCustomerId: cus_O2JIQ2oXK7fGRh
2023-06-07T05:21:02.607Z [LOCAL][CustomerService] error: Customer not found for stripeCustomerId (updateSubscription): cus_O2JQkeycjZI8pf
